<?xml version="1.0" encoding="UTF-8"?>
<!-- Generated by org.testng.reporters.JUnitXMLReporter -->
<testsuite ignored="4" hostname="LTIN127900" failures="0" tests="8" name="Test" time="47.503" errors="0" timestamp="2024-03-07T00:04:49 IST">
  <testcase classname="TestCases.HomePage" name="VerifiyTitle" time="0.239"/>
  <testcase classname="TestCases.HomePage" name="NavigateTravelInsurance" time="1.207"/>
  <testcase classname="TestCases.TravellerDetail" name="Destination" time="3.137"/>
  <testcase classname="TestCases.TravellerDetail" name="TripDate" time="5.033"/>
  <testcase classname="TestCases.TravellerDetail" name="NoOfTraveller" time="5.283"/>
  <testcase classname="TestCases.TravellerDetail" name="MedicalHistory" time="0.636"/>
  <testcase classname="TestCases.TravellerDetail" name="ContactDetail" time="2.302"/>
  <testcase classname="TestCases.TravelPolicies" name="SortBy" time="19.936"/>
  <testcase classname="TestCases.BrowserBaseClass" name="@BeforeTest openApp" time="0.0">
    <ignored/>
  </testcase> <!-- @BeforeTest openApp -->
  <testcase classname="TestCases.BrowserBaseClass" name="@BeforeTest openApp" time="0.0">
    <ignored/>
  </testcase> <!-- @BeforeTest openApp -->
  <testcase classname="TestCases.BrowserBaseClass" name="@AfterTest quit" time="0.0">
    <ignored/>
  </testcase> <!-- @AfterTest quit -->
  <testcase classname="TestCases.BrowserBaseClass" name="@AfterTest quit" time="0.0">
    <ignored/>
  </testcase> <!-- @AfterTest quit -->
</testsuite> <!-- Test -->
